11:50:17 **** Incremental Build of configuration Debug for project Cw6_LogicOpers ****
make all 
Building file: ../logicOpers.c
Invoking: GCC C Compiler
gcc -O0 -g3 -Wall -c -fmessage-length=0 -MMD -MP -MF"logicOpers.d" -MT"logicOpers.o" -o "logicOpers.o" "../logicOpers.c"
../logicOpers.c:17:22: warning: '&&' within '||' [-Wlogical-op-parentheses]
        c = a > 0 || b != 3 && b == a;
                  ~~ ~~~~~~~^~~~~~~~~
../logicOpers.c:17:22: note: place parentheses around the '&&' expression to silence this warning
        c = a > 0 || b != 3 && b == a;
                            ^
                     (               )
../logicOpers.c:27:14: warning: expression result unused [-Wunused-value]
                                        y >= -5 && y <= 5;
                                        ~~~~~~~ ^  ~~~~~~
../logicOpers.c:30:12: warning: expression result unused [-Wunused-value]
                                        y > 5 || y < -5;
                                        ~~~~~ ^  ~~~~~~
3 warnings generated.
Finished building: ../logicOpers.c
 
Building target: Cw6_LogicOpers
Invoking: MacOS X C Linker
gcc  -o "Cw6_LogicOpers"  ./logicOpers.o   
Finished building target: Cw6_LogicOpers
 

11:50:17 Build Finished. 0 errors, 3 warnings. (took 143ms)

