16:29:12 **** Incremental Build of configuration Debug for project Hw8_else_if_case ****
make all 
Building file: ../else_if_case.c
Invoking: GCC C Compiler
gcc -O0 -g3 -Wall -c -fmessage-length=0 -MMD -MP -MF"else_if_case.d" -MT"else_if_case.o" -o "else_if_case.o" "../else_if_case.c"
Finished building: ../else_if_case.c
 
Building target: Hw8_else_if_case
Invoking: MacOS X C Linker
gcc  -o "Hw8_else_if_case"  ./else_if_case.o   
Finished building target: Hw8_else_if_case
 
16:29:28 **** Incremental Build of configuration Debug for project Hw8_else_if_case ****
make all 
Building file: ../else_if_case.c
Invoking: GCC C Compiler
gcc -O0 -g3 -Wall -c -fmessage-length=0 -MMD -MP -MF"else_if_case.d" -MT"else_if_case.o" -o "else_if_case.o" "../else_if_case.c"
Finished building: ../else_if_case.c
 
Building target: Hw8_else_if_case
Invoking: MacOS X C Linker
gcc  -o "Hw8_else_if_case"  ./else_if_case.o   
Finished building target: Hw8_else_if_case
 
16:30:15 **** Incremental Build of configuration Debug for project Hw8_else_if_case ****
make all 
Building file: ../else_if_case.c
Invoking: GCC C Compiler
gcc -O0 -g3 -Wall -c -fmessage-length=0 -MMD -MP -MF"else_if_case.d" -MT"else_if_case.o" -o "else_if_case.o" "../else_if_case.c"
Finished building: ../else_if_case.c
 
Building target: Hw8_else_if_case
Invoking: MacOS X C Linker
gcc  -o "Hw8_else_if_case"  ./else_if_case.o   
Finished building target: Hw8_else_if_case
 
